# JRE version: OpenJDK Runtime Environment (8.0_112-b06) (build 1.8.0_112-release-b06)
# Java VM: OpenJDK 64-Bit Server VM (25.112-b06 mixed mode windows-amd64 compressed oops)
Heap:
 PSYoungGen      total 368128K, used 18321K [0x00000000e0000000, 0x00000000fa600000, 0x0000000100000000)
  eden space 348160K, 5% used [0x00000000e0000000,0x00000000e11e44d8,0x00000000f5400000)
  from space 19968K, 0% used [0x00000000f8e80000,0x00000000f8e80000,0x00000000fa200000)
  to   space 41984K, 0% used [0x00000000f5400000,0x00000000f5400000,0x00000000f7d00000)
 ParOldGen       total 143360K, used 76423K [0x00000000a0000000, 0x00000000a8c00000, 0x00000000e0000000)
  object space 143360K, 53% used [0x00000000a0000000,0x00000000a4aa1c70,0x00000000a8c00000)
 Metaspace       used 70966K, capacity 73928K, committed 75992K, reserved 1116160K
  class space    used 9065K, capacity 9714K, committed 10200K, reserved 1048576K
GC Heap History (10 events):
Event: 2102.181 GC heap before
{Heap before GC invocations=16 (full 3):
 PSYoungGen      total 312832K, used 312680K [0x00000000e0000000, 0x00000000f5700000, 0x0000000100000000)
  eden space 300032K, 100% used [0x00000000e0000000,0x00000000f2500000,0x00000000f2500000)
  from space 12800K, 98% used [0x00000000f4a80000,0x00000000f56da058,0x00000000f5700000)
  to   space 22528K, 0% used [0x00000000f2b00000,0x00000000f2b00000,0x00000000f4100000)
 ParOldGen       total 95232K, used 49006K [0x00000000a0000000, 0x00000000a5d00000, 0x00000000e0000000)
  object space 95232K, 51% used [0x00000000a0000000,0x00000000a2fdbab0,0x00000000a5d00000)
 Metaspace       used 68659K, capacity 71756K, committed 71896K, reserved 1112064K
  class space    used 8972K, capacity 9687K, committed 9688K, reserved 1048576K
Event: 2102.285 GC heap after
Heap after GC invocations=16 (full 3):
 PSYoungGen      total 328704K, used 22518K [0x00000000e0000000, 0x00000000faf00000, 0x0000000100000000)
  eden space 306176K, 0% used [0x00000000e0000000,0x00000000e0000000,0x00000000f2b00000)
  from space 22528K, 99% used [0x00000000f2b00000,0x00000000f40fdb18,0x00000000f4100000)
  to   space 27136K, 0% used [0x00000000f9480000,0x00000000f9480000,0x00000000faf00000)
 ParOldGen       total 95232K, used 52674K [0x00000000a0000000, 0x00000000a5d00000, 0x00000000e0000000)
  object space 95232K, 55% used [0x00000000a0000000,0x00000000a3370a80,0x00000000a5d00000)
 Metaspace       used 68659K, capacity 71756K, committed 71896K, reserved 1112064K
  class space    used 8972K, capacity 9687K, committed 9688K, reserved 1048576K
}
Event: 3807.015 GC heap before
{Heap before GC invocations=17 (full 3):
 PSYoungGen      total 328704K, used 328694K [0x00000000e0000000, 0x00000000faf00000, 0x0000000100000000)
  eden space 306176K, 100% used [0x00000000e0000000,0x00000000f2b00000,0x00000000f2b00000)
  from space 22528K, 99% used [0x00000000f2b00000,0x00000000f40fdb18,0x00000000f4100000)
  to   space 27136K, 0% used [0x00000000f9480000,0x00000000f9480000,0x00000000faf00000)
 ParOldGen       total 95232K, used 52674K [0x00000000a0000000, 0x00000000a5d00000, 0x00000000e0000000)
  object space 95232K, 55% used [0x00000000a0000000,0x00000000a3370a80,0x00000000a5d00000)
 Metaspace       used 71152K, capacity 74528K, committed 74584K, reserved 1114112K
  class space    used 9273K, capacity 10033K, committed 10072K, reserved 1048576K
Event: 3807.149 GC heap after
Heap after GC invocations=17 (full 3):
 PSYoungGen      total 401920K, used 8111K [0x00000000e0000000, 0x00000000fa800000, 0x0000000100000000)
  eden space 381952K, 0% used [0x00000000e0000000,0x00000000e0000000,0x00000000f7500000)
  from space 19968K, 40% used [0x00000000f9480000,0x00000000f9c6bf40,0x00000000fa800000)
  to   space 26112K, 0% used [0x00000000f7500000,0x00000000f7500000,0x00000000f8e80000)
 ParOldGen       total 95232K, used 60068K [0x00000000a0000000, 0x00000000a5d00000, 0x00000000e0000000)
  object space 95232K, 63% used [0x00000000a0000000,0x00000000a3aa93a0,0x00000000a5d00000)
 Metaspace       used 71152K, capacity 74528K, committed 74584K, reserved 1114112K
  class space    used 9273K, capacity 10033K, committed 10072K, reserved 1048576K
}
Event: 4102.466 GC heap before
{Heap before GC invocations=18 (full 3):
 PSYoungGen      total 401920K, used 390063K [0x00000000e0000000, 0x00000000fa800000, 0x0000000100000000)
  eden space 381952K, 100% used [0x00000000e0000000,0x00000000f7500000,0x00000000f7500000)
  from space 19968K, 40% used [0x00000000f9480000,0x00000000f9c6bf40,0x00000000fa800000)
  to   space 26112K, 0% used [0x00000000f7500000,0x00000000f7500000,0x00000000f8e80000)
 ParOldGen       total 95232K, used 60068K [0x00000000a0000000, 0x00000000a5d00000, 0x00000000e0000000)
  object space 95232K, 63% used [0x00000000a0000000,0x00000000a3aa93a0,0x00000000a5d00000)
 Metaspace       used 71789K, capacity 75358K, committed 75480K, reserved 1114112K
  class space    used 9311K, capacity 10088K, committed 10200K, reserved 1048576K
Event: 4102.539 GC heap after
Heap after GC invocations=18 (full 3):
 PSYoungGen      total 390656K, used 26100K [0x00000000e0000000, 0x00000000fa200000, 0x0000000100000000)
  eden space 364544K, 0% used [0x00000000e0000000,0x00000000e0000000,0x00000000f6400000)
  from space 26112K, 99% used [0x00000000f7500000,0x00000000f8e7d250,0x00000000f8e80000)
  to   space 19968K, 0% used [0x00000000f8e80000,0x00000000f8e80000,0x00000000fa200000)
 ParOldGen       total 95232K, used 64625K [0x00000000a0000000, 0x00000000a5d00000, 0x00000000e0000000)
  object space 95232K, 67% used [0x00000000a0000000,0x00000000a3f1c440,0x00000000a5d00000)
 Metaspace       used 71789K, capacity 75358K, committed 75480K, reserved 1114112K
  class space    used 9311K, capacity 10088K, committed 10200K, reserved 1048576K
}
Event: 4267.799 GC heap before
{Heap before GC invocations=19 (full 3):
 PSYoungGen      total 390656K, used 390644K [0x00000000e0000000, 0x00000000fa200000, 0x0000000100000000)
  eden space 364544K, 100% used [0x00000000e0000000,0x00000000f6400000,0x00000000f6400000)
  from space 26112K, 99% used [0x00000000f7500000,0x00000000f8e7d250,0x00000000f8e80000)
  to   space 19968K, 0% used [0x00000000f8e80000,0x00000000f8e80000,0x00000000fa200000)
 ParOldGen       total 95232K, used 64625K [0x00000000a0000000, 0x00000000a5d00000, 0x00000000e0000000)
  object space 95232K, 67% used [0x00000000a0000000,0x00000000a3f1c440,0x00000000a5d00000)
 Metaspace       used 72208K, capacity 75892K, committed 75992K, reserved 1116160K
  class space    used 9336K, capacity 10127K, committed 10200K, reserved 1048576K
Event: 4267.976 GC heap after
Heap after GC invocations=19 (full 3):
 PSYoungGen      total 368128K, used 19950K [0x00000000e0000000, 0x00000000fa600000, 0x0000000100000000)
  eden space 348160K, 0% used [0x00000000e0000000,0x00000000e0000000,0x00000000f5400000)
  from space 19968K, 99% used [0x00000000f8e80000,0x00000000fa1fba80,0x00000000fa200000)
  to   space 41984K, 0% used [0x00000000f5400000,0x00000000f5400000,0x00000000f7d00000)
 ParOldGen       total 95232K, used 89784K [0x00000000a0000000, 0x00000000a5d00000, 0x00000000e0000000)
  object space 95232K, 94% used [0x00000000a0000000,0x00000000a57ae3f0,0x00000000a5d00000)
 Metaspace       used 72208K, capacity 75892K, committed 75992K, reserved 1116160K
  class space    used 9336K, capacity 10127K, committed 10200K, reserved 1048576K
}
Event: 4267.976 GC heap before
{Heap before GC invocations=20 (full 4):
 PSYoungGen      total 368128K, used 19950K [0x00000000e0000000, 0x00000000fa600000, 0x0000000100000000)
  eden space 348160K, 0% used [0x00000000e0000000,0x00000000e0000000,0x00000000f5400000)
  from space 19968K, 99% used [0x00000000f8e80000,0x00000000fa1fba80,0x00000000fa200000)
  to   space 41984K, 0% used [0x00000000f5400000,0x00000000f5400000,0x00000000f7d00000)
 ParOldGen       total 95232K, used 89784K [0x00000000a0000000, 0x00000000a5d00000, 0x00000000e0000000)
  object space 95232K, 94% used [0x00000000a0000000,0x00000000a57ae3f0,0x00000000a5d00000)
 Metaspace       used 72208K, capacity 75892K, committed 75992K, reserved 1116160K
  class space    used 9336K, capacity 10127K, committed 10200K, reserved 1048576K
Event: 4269.477 GC heap after
Heap after GC invocations=20 (full 4):
 PSYoungGen      total 368128K, used 0K [0x00000000e0000000, 0x00000000fa600000, 0x0000000100000000)
  eden space 348160K, 0% used [0x00000000e0000000,0x00000000e0000000,0x00000000f5400000)
  from space 19968K, 0% used [0x00000000f8e80000,0x00000000f8e80000,0x00000000fa200000)
  to   space 41984K, 0% used [0x00000000f5400000,0x00000000f5400000,0x00000000f7d00000)
 ParOldGen       total 143360K, used 76423K [0x00000000a0000000, 0x00000000a8c00000, 0x00000000e0000000)
  object space 143360K, 53% used [0x00000000a0000000,0x00000000a4aa1c70,0x00000000a8c00000)
 Metaspace       used 70964K, capacity 73928K, committed 75992K, reserved 1116160K
  class space    used 9065K, capacity 9714K, committed 10200K, reserved 1048576K
}

