# JRE version: OpenJDK Runtime Environment (8.0_112-b06) (build 1.8.0_112-release-b06)
# Java VM: OpenJDK 64-Bit Server VM (25.112-b06 mixed mode windows-amd64 compressed oops)
Heap:
 PSYoungGen      total 236032K, used 136803K [0x00000000e0000000, 0x00000000f1700000, 0x0000000100000000)
  eden space 196608K, 52% used [0x00000000e0000000,0x00000000e64082a0,0x00000000ec000000)
  from space 39424K, 87% used [0x00000000eea80000,0x00000000f0c109c8,0x00000000f1100000)
  to   space 43520K, 0% used [0x00000000ec000000,0x00000000ec000000,0x00000000eea80000)
 ParOldGen       total 147456K, used 93355K [0x00000000a0000000, 0x00000000a9000000, 0x00000000e0000000)
  object space 147456K, 63% used [0x00000000a0000000,0x00000000a5b2afa0,0x00000000a9000000)
 Metaspace       used 80494K, capacity 85762K, committed 85976K, reserved 1124352K
  class space    used 10305K, capacity 11449K, committed 11480K, reserved 1048576K
GC Heap History (10 events):
Event: 3665.780 GC heap before
{Heap before GC invocations=28 (full 4):
 PSYoungGen      total 196096K, used 174930K [0x00000000e0000000, 0x00000000eed80000, 0x0000000100000000)
  eden space 163840K, 100% used [0x00000000e0000000,0x00000000ea000000,0x00000000ea000000)
  from space 32256K, 34% used [0x00000000ea000000,0x00000000eaad4bf8,0x00000000ebf80000)
  to   space 30720K, 0% used [0x00000000ecf80000,0x00000000ecf80000,0x00000000eed80000)
 ParOldGen       total 147456K, used 82489K [0x00000000a0000000, 0x00000000a9000000, 0x00000000e0000000)
  object space 147456K, 55% used [0x00000000a0000000,0x00000000a508e4d8,0x00000000a9000000)
 Metaspace       used 74147K, capacity 77832K, committed 78040K, reserved 1116160K
  class space    used 9598K, capacity 10416K, committed 10456K, reserved 1048576K
Event: 3665.803 GC heap after
Heap after GC invocations=28 (full 4):
 PSYoungGen      total 205312K, used 16041K [0x00000000e0000000, 0x00000000ee980000, 0x0000000100000000)
  eden space 178688K, 0% used [0x00000000e0000000,0x00000000e0000000,0x00000000eae80000)
  from space 26624K, 60% used [0x00000000ecf80000,0x00000000edf2a538,0x00000000ee980000)
  to   space 30208K, 0% used [0x00000000eae80000,0x00000000eae80000,0x00000000ecc00000)
 ParOldGen       total 147456K, used 82497K [0x00000000a0000000, 0x00000000a9000000, 0x00000000e0000000)
  object space 147456K, 55% used [0x00000000a0000000,0x00000000a50904d8,0x00000000a9000000)
 Metaspace       used 74147K, capacity 77832K, committed 78040K, reserved 1116160K
  class space    used 9598K, capacity 10416K, committed 10456K, reserved 1048576K
}
Event: 3691.078 GC heap before
{Heap before GC invocations=29 (full 4):
 PSYoungGen      total 205312K, used 194729K [0x00000000e0000000, 0x00000000ee980000, 0x0000000100000000)
  eden space 178688K, 100% used [0x00000000e0000000,0x00000000eae80000,0x00000000eae80000)
  from space 26624K, 60% used [0x00000000ecf80000,0x00000000edf2a538,0x00000000ee980000)
  to   space 30208K, 0% used [0x00000000eae80000,0x00000000eae80000,0x00000000ecc00000)
 ParOldGen       total 147456K, used 82497K [0x00000000a0000000, 0x00000000a9000000, 0x00000000e0000000)
  object space 147456K, 55% used [0x00000000a0000000,0x00000000a50904d8,0x00000000a9000000)
 Metaspace       used 75479K, capacity 80000K, committed 80216K, reserved 1118208K
  class space    used 9744K, capacity 10736K, committed 10840K, reserved 1048576K
Event: 3691.412 GC heap after
Heap after GC invocations=29 (full 4):
 PSYoungGen      total 208896K, used 14530K [0x00000000e0000000, 0x00000000ef800000, 0x0000000100000000)
  eden space 178688K, 0% used [0x00000000e0000000,0x00000000e0000000,0x00000000eae80000)
  from space 30208K, 48% used [0x00000000eae80000,0x00000000ebcb0b18,0x00000000ecc00000)
  to   space 29184K, 0% used [0x00000000edb80000,0x00000000edb80000,0x00000000ef800000)
 ParOldGen       total 147456K, used 82505K [0x00000000a0000000, 0x00000000a9000000, 0x00000000e0000000)
  object space 147456K, 55% used [0x00000000a0000000,0x00000000a50924d8,0x00000000a9000000)
 Metaspace       used 75479K, capacity 80000K, committed 80216K, reserved 1118208K
  class space    used 9744K, capacity 10736K, committed 10840K, reserved 1048576K
}
Event: 3711.254 GC heap before
{Heap before GC invocations=30 (full 4):
 PSYoungGen      total 208896K, used 193218K [0x00000000e0000000, 0x00000000ef800000, 0x0000000100000000)
  eden space 178688K, 100% used [0x00000000e0000000,0x00000000eae80000,0x00000000eae80000)
  from space 30208K, 48% used [0x00000000eae80000,0x00000000ebcb0b18,0x00000000ecc00000)
  to   space 29184K, 0% used [0x00000000edb80000,0x00000000edb80000,0x00000000ef800000)
 ParOldGen       total 147456K, used 82505K [0x00000000a0000000, 0x00000000a9000000, 0x00000000e0000000)
  object space 147456K, 55% used [0x00000000a0000000,0x00000000a50924d8,0x00000000a9000000)
 Metaspace       used 76343K, capacity 80798K, committed 80984K, reserved 1120256K
  class space    used 9806K, capacity 10805K, committed 10840K, reserved 1048576K
Event: 3711.321 GC heap after
Heap after GC invocations=30 (full 4):
 PSYoungGen      total 216576K, used 29173K [0x00000000e0000000, 0x00000000f0680000, 0x0000000100000000)
  eden space 187392K, 0% used [0x00000000e0000000,0x00000000e0000000,0x00000000eb700000)
  from space 29184K, 99% used [0x00000000edb80000,0x00000000ef7fd448,0x00000000ef800000)
  to   space 37376K, 0% used [0x00000000eb700000,0x00000000eb700000,0x00000000edb80000)
 ParOldGen       total 147456K, used 93320K [0x00000000a0000000, 0x00000000a9000000, 0x00000000e0000000)
  object space 147456K, 63% used [0x00000000a0000000,0x00000000a5b22350,0x00000000a9000000)
 Metaspace       used 76343K, capacity 80798K, committed 80984K, reserved 1120256K
  class space    used 9806K, capacity 10805K, committed 10840K, reserved 1048576K
}
Event: 4167.150 GC heap before
{Heap before GC invocations=31 (full 4):
 PSYoungGen      total 216576K, used 216565K [0x00000000e0000000, 0x00000000f0680000, 0x0000000100000000)
  eden space 187392K, 100% used [0x00000000e0000000,0x00000000eb700000,0x00000000eb700000)
  from space 29184K, 99% used [0x00000000edb80000,0x00000000ef7fd448,0x00000000ef800000)
  to   space 37376K, 0% used [0x00000000eb700000,0x00000000eb700000,0x00000000edb80000)
 ParOldGen       total 147456K, used 93320K [0x00000000a0000000, 0x00000000a9000000, 0x00000000e0000000)
  object space 147456K, 63% used [0x00000000a0000000,0x00000000a5b22350,0x00000000a9000000)
 Metaspace       used 76896K, capacity 81618K, committed 81880K, reserved 1120256K
  class space    used 9856K, capacity 10917K, committed 10968K, reserved 1048576K
Event: 4167.473 GC heap after
Heap after GC invocations=31 (full 4):
 PSYoungGen      total 224768K, used 26737K [0x00000000e0000000, 0x00000000f1100000, 0x0000000100000000)
  eden space 187392K, 0% used [0x00000000e0000000,0x00000000e0000000,0x00000000eb700000)
  from space 37376K, 71% used [0x00000000eb700000,0x00000000ed11c468,0x00000000edb80000)
  to   space 39424K, 0% used [0x00000000eea80000,0x00000000eea80000,0x00000000f1100000)
 ParOldGen       total 147456K, used 93328K [0x00000000a0000000, 0x00000000a9000000, 0x00000000e0000000)
  object space 147456K, 63% used [0x00000000a0000000,0x00000000a5b24350,0x00000000a9000000)
 Metaspace       used 76896K, capacity 81618K, committed 81880K, reserved 1120256K
  class space    used 9856K, capacity 10917K, committed 10968K, reserved 1048576K
}
Event: 4208.533 GC heap before
{Heap before GC invocations=32 (full 4):
 PSYoungGen      total 224768K, used 214129K [0x00000000e0000000, 0x00000000f1100000, 0x0000000100000000)
  eden space 187392K, 100% used [0x00000000e0000000,0x00000000eb700000,0x00000000eb700000)
  from space 37376K, 71% used [0x00000000eb700000,0x00000000ed11c468,0x00000000edb80000)
  to   space 39424K, 0% used [0x00000000eea80000,0x00000000eea80000,0x00000000f1100000)
 ParOldGen       total 147456K, used 93328K [0x00000000a0000000, 0x00000000a9000000, 0x00000000e0000000)
  object space 147456K, 63% used [0x00000000a0000000,0x00000000a5b24350,0x00000000a9000000)
 Metaspace       used 80316K, capacity 85452K, committed 85720K, reserved 1124352K
  class space    used 10283K, capacity 11416K, committed 11480K, reserved 1048576K
Event: 4208.585 GC heap after
Heap after GC invocations=32 (full 4):
 PSYoungGen      total 236032K, used 34370K [0x00000000e0000000, 0x00000000f1700000, 0x0000000100000000)
  eden space 196608K, 0% used [0x00000000e0000000,0x00000000e0000000,0x00000000ec000000)
  from space 39424K, 87% used [0x00000000eea80000,0x00000000f0c109c8,0x00000000f1100000)
  to   space 43520K, 0% used [0x00000000ec000000,0x00000000ec000000,0x00000000eea80000)
 ParOldGen       total 147456K, used 93355K [0x00000000a0000000, 0x00000000a9000000, 0x00000000e0000000)
  object space 147456K, 63% used [0x00000000a0000000,0x00000000a5b2afa0,0x00000000a9000000)
 Metaspace       used 80316K, capacity 85452K, committed 85720K, reserved 1124352K
  class space    used 10283K, capacity 11416K, committed 11480K, reserved 1048576K
}

