# JRE version: OpenJDK Runtime Environment (8.0_112-b06) (build 1.8.0_112-release-b06)
# Java VM: OpenJDK 64-Bit Server VM (25.112-b06 mixed mode windows-amd64 compressed oops)
Heap:
 PSYoungGen      total 203776K, used 20385K [0x00000000e0000000, 0x00000000ee780000, 0x0000000100000000)
  eden space 172544K, 0% used [0x00000000e0000000,0x00000000e00f09c8,0x00000000ea880000)
  from space 31232K, 62% used [0x00000000ec900000,0x00000000edbf7c60,0x00000000ee780000)
  to   space 32256K, 0% used [0x00000000ea880000,0x00000000ea880000,0x00000000ec800000)
 ParOldGen       total 137728K, used 73336K [0x00000000a0000000, 0x00000000a8680000, 0x00000000e0000000)
  object space 137728K, 53% used [0x00000000a0000000,0x00000000a479e1f8,0x00000000a8680000)
 Metaspace       used 73250K, capacity 76872K, committed 77568K, reserved 1116160K
  class space    used 9228K, capacity 9953K, committed 10240K, reserved 1048576K
GC Heap History (10 events):
Event: 6605.179 GC heap before
{Heap before GC invocations=36 (full 4):
 PSYoungGen      total 154112K, used 137124K [0x00000000e0000000, 0x00000000ebf80000, 0x0000000100000000)
  eden space 123904K, 100% used [0x00000000e0000000,0x00000000e7900000,0x00000000e7900000)
  from space 30208K, 43% used [0x00000000e7900000,0x00000000e85e9358,0x00000000e9680000)
  to   space 28672K, 0% used [0x00000000ea380000,0x00000000ea380000,0x00000000ebf80000)
 ParOldGen       total 137728K, used 73312K [0x00000000a0000000, 0x00000000a8680000, 0x00000000e0000000)
  object space 137728K, 53% used [0x00000000a0000000,0x00000000a47981f8,0x00000000a8680000)
 Metaspace       used 72774K, capacity 76274K, committed 77312K, reserved 1116160K
  class space    used 9208K, capacity 9928K, committed 10240K, reserved 1048576K
Event: 6605.256 GC heap after
Heap after GC invocations=36 (full 4):
 PSYoungGen      total 167424K, used 18668K [0x00000000e0000000, 0x00000000ec100000, 0x0000000100000000)
  eden space 138752K, 0% used [0x00000000e0000000,0x00000000e0000000,0x00000000e8780000)
  from space 28672K, 65% used [0x00000000ea380000,0x00000000eb5bb060,0x00000000ebf80000)
  to   space 28672K, 0% used [0x00000000e8780000,0x00000000e8780000,0x00000000ea380000)
 ParOldGen       total 137728K, used 73312K [0x00000000a0000000, 0x00000000a8680000, 0x00000000e0000000)
  object space 137728K, 53% used [0x00000000a0000000,0x00000000a47981f8,0x00000000a8680000)
 Metaspace       used 72774K, capacity 76274K, committed 77312K, reserved 1116160K
  class space    used 9208K, capacity 9928K, committed 10240K, reserved 1048576K
}
Event: 9439.107 GC heap before
{Heap before GC invocations=37 (full 4):
 PSYoungGen      total 167424K, used 157420K [0x00000000e0000000, 0x00000000ec100000, 0x0000000100000000)
  eden space 138752K, 100% used [0x00000000e0000000,0x00000000e8780000,0x00000000e8780000)
  from space 28672K, 65% used [0x00000000ea380000,0x00000000eb5bb060,0x00000000ebf80000)
  to   space 28672K, 0% used [0x00000000e8780000,0x00000000e8780000,0x00000000ea380000)
 ParOldGen       total 137728K, used 73312K [0x00000000a0000000, 0x00000000a8680000, 0x00000000e0000000)
  object space 137728K, 53% used [0x00000000a0000000,0x00000000a47981f8,0x00000000a8680000)
 Metaspace       used 72937K, capacity 76540K, committed 77312K, reserved 1116160K
  class space    used 9220K, capacity 9941K, committed 10240K, reserved 1048576K
Event: 9439.393 GC heap after
Heap after GC invocations=37 (full 4):
 PSYoungGen      total 167424K, used 24276K [0x00000000e0000000, 0x00000000ed100000, 0x0000000100000000)
  eden space 138752K, 0% used [0x00000000e0000000,0x00000000e0000000,0x00000000e8780000)
  from space 28672K, 84% used [0x00000000e8780000,0x00000000e9f35360,0x00000000ea380000)
  to   space 31232K, 0% used [0x00000000eb280000,0x00000000eb280000,0x00000000ed100000)
 ParOldGen       total 137728K, used 73312K [0x00000000a0000000, 0x00000000a8680000, 0x00000000e0000000)
  object space 137728K, 53% used [0x00000000a0000000,0x00000000a47981f8,0x00000000a8680000)
 Metaspace       used 72937K, capacity 76540K, committed 77312K, reserved 1116160K
  class space    used 9220K, capacity 9941K, committed 10240K, reserved 1048576K
}
Event: 9448.331 GC heap before
{Heap before GC invocations=38 (full 4):
 PSYoungGen      total 167424K, used 163028K [0x00000000e0000000, 0x00000000ed100000, 0x0000000100000000)
  eden space 138752K, 100% used [0x00000000e0000000,0x00000000e8780000,0x00000000e8780000)
  from space 28672K, 84% used [0x00000000e8780000,0x00000000e9f35360,0x00000000ea380000)
  to   space 31232K, 0% used [0x00000000eb280000,0x00000000eb280000,0x00000000ed100000)
 ParOldGen       total 137728K, used 73312K [0x00000000a0000000, 0x00000000a8680000, 0x00000000e0000000)
  object space 137728K, 53% used [0x00000000a0000000,0x00000000a47981f8,0x00000000a8680000)
 Metaspace       used 73079K, capacity 76722K, committed 77568K, reserved 1116160K
  class space    used 9226K, capacity 9950K, committed 10240K, reserved 1048576K
Event: 9448.420 GC heap after
Heap after GC invocations=38 (full 4):
 PSYoungGen      total 183296K, used 17815K [0x00000000e0000000, 0x00000000ed100000, 0x0000000100000000)
  eden space 152064K, 0% used [0x00000000e0000000,0x00000000e0000000,0x00000000e9480000)
  from space 31232K, 57% used [0x00000000eb280000,0x00000000ec3e5d18,0x00000000ed100000)
  to   space 30720K, 0% used [0x00000000e9480000,0x00000000e9480000,0x00000000eb280000)
 ParOldGen       total 137728K, used 73320K [0x00000000a0000000, 0x00000000a8680000, 0x00000000e0000000)
  object space 137728K, 53% used [0x00000000a0000000,0x00000000a479a1f8,0x00000000a8680000)
 Metaspace       used 73079K, capacity 76722K, committed 77568K, reserved 1116160K
  class space    used 9226K, capacity 9950K, committed 10240K, reserved 1048576K
}
Event: 9453.717 GC heap before
{Heap before GC invocations=39 (full 4):
 PSYoungGen      total 183296K, used 169879K [0x00000000e0000000, 0x00000000ed100000, 0x0000000100000000)
  eden space 152064K, 100% used [0x00000000e0000000,0x00000000e9480000,0x00000000e9480000)
  from space 31232K, 57% used [0x00000000eb280000,0x00000000ec3e5d18,0x00000000ed100000)
  to   space 30720K, 0% used [0x00000000e9480000,0x00000000e9480000,0x00000000eb280000)
 ParOldGen       total 137728K, used 73320K [0x00000000a0000000, 0x00000000a8680000, 0x00000000e0000000)
  object space 137728K, 53% used [0x00000000a0000000,0x00000000a479a1f8,0x00000000a8680000)
 Metaspace       used 73158K, capacity 76786K, committed 77568K, reserved 1116160K
  class space    used 9226K, capacity 9950K, committed 10240K, reserved 1048576K
Event: 9453.911 GC heap after
Heap after GC invocations=39 (full 4):
 PSYoungGen      total 182784K, used 24678K [0x00000000e0000000, 0x00000000ee880000, 0x0000000100000000)
  eden space 152064K, 0% used [0x00000000e0000000,0x00000000e0000000,0x00000000e9480000)
  from space 30720K, 80% used [0x00000000e9480000,0x00000000eac99be8,0x00000000eb280000)
  to   space 32256K, 0% used [0x00000000ec900000,0x00000000ec900000,0x00000000ee880000)
 ParOldGen       total 137728K, used 73328K [0x00000000a0000000, 0x00000000a8680000, 0x00000000e0000000)
  object space 137728K, 53% used [0x00000000a0000000,0x00000000a479c1f8,0x00000000a8680000)
 Metaspace       used 73158K, capacity 76786K, committed 77568K, reserved 1116160K
  class space    used 9226K, capacity 9950K, committed 10240K, reserved 1048576K
}
Event: 9456.654 GC heap before
{Heap before GC invocations=40 (full 4):
 PSYoungGen      total 182784K, used 176742K [0x00000000e0000000, 0x00000000ee880000, 0x0000000100000000)
  eden space 152064K, 100% used [0x00000000e0000000,0x00000000e9480000,0x00000000e9480000)
  from space 30720K, 80% used [0x00000000e9480000,0x00000000eac99be8,0x00000000eb280000)
  to   space 32256K, 0% used [0x00000000ec900000,0x00000000ec900000,0x00000000ee880000)
 ParOldGen       total 137728K, used 73328K [0x00000000a0000000, 0x00000000a8680000, 0x00000000e0000000)
  object space 137728K, 53% used [0x00000000a0000000,0x00000000a479c1f8,0x00000000a8680000)
 Metaspace       used 73247K, capacity 76872K, committed 77568K, reserved 1116160K
  class space    used 9228K, capacity 9953K, committed 10240K, reserved 1048576K
Event: 9456.685 GC heap after
Heap after GC invocations=40 (full 4):
 PSYoungGen      total 203776K, used 19423K [0x00000000e0000000, 0x00000000ee780000, 0x0000000100000000)
  eden space 172544K, 0% used [0x00000000e0000000,0x00000000e0000000,0x00000000ea880000)
  from space 31232K, 62% used [0x00000000ec900000,0x00000000edbf7c60,0x00000000ee780000)
  to   space 32256K, 0% used [0x00000000ea880000,0x00000000ea880000,0x00000000ec800000)
 ParOldGen       total 137728K, used 73336K [0x00000000a0000000, 0x00000000a8680000, 0x00000000e0000000)
  object space 137728K, 53% used [0x00000000a0000000,0x00000000a479e1f8,0x00000000a8680000)
 Metaspace       used 73247K, capacity 76872K, committed 77568K, reserved 1116160K
  class space    used 9228K, capacity 9953K, committed 10240K, reserved 1048576K
}

